<?xml version="1.0" encoding="utf-8"?><testsuites name="pytest tests"><testsuite name="pytest" errors="0" failures="0" skipped="0" tests="17" time="22.606" timestamp="2026-04-13T09:02:39.310845+00:00" hostname="agent-env-2ce87567-3d89-4796-a42f-0e71c2ae399b"><testcase classname="tests.test_ai_analysis.TestAIAnalysis" name="test_analyze_contact_with_signals" time="10.415" /><testcase classname="tests.test_ai_analysis.TestAIAnalysis" name="test_analyze_contact_no_signals" time="1.494" /><testcase classname="tests.test_ai_analysis.TestAIAnalysis" name="test_get_opportunities" time="1.396" /><testcase classname="tests.test_auth.TestAuth" name="test_login_success" time="1.102" /><testcase classname="tests.test_auth.TestAuth" name="test_login_invalid_credentials" time="1.111" /><testcase classname="tests.test_auth.TestAuth" name="test_register_new_user" time="1.131" /><testcase classname="tests.test_auth.TestAuth" name="test_register_duplicate_email" time="0.219" /><testcase classname="tests.test_auth.TestAuth" name="test_get_current_user" time="1.279" /><testcase classname="tests.test_auth.TestAuth" name="test_logout" time="0.174" /><testcase classname="tests.test_contacts.TestContacts" name="test_get_contacts_empty" time="0.886" /><testcase classname="tests.test_contacts.TestContacts" name="test_create_contact" time="0.451" /><testcase classname="tests.test_contacts.TestContacts" name="test_get_contact_by_id" time="0.419" /><testcase classname="tests.test_contacts.TestContacts" name="test_get_contact_not_found" time="0.373" /><testcase classname="tests.test_seed_data.TestSeedData" name="test_seed_demo_data" time="0.499" /><testcase classname="tests.test_signals.TestSignals" name="test_get_signals_for_contact" time="0.446" /><testcase classname="tests.test_signals.TestSignals" name="test_create_signal" time="0.464" /><testcase classname="tests.test_signals.TestSignals" name="test_create_signal_for_nonexistent_contact" time="0.369" /></testsuite></testsuites>